[pipeline_entry] run_id=run-0bc766318d4c output_dir=D:\Automation- Project\pipeline\runs
[PIPELINE ALERT SUPPRESSED] Support the project: Please consider sponsoring this project at:

https://github.com/sponsors/GodsScion


IF YOU HAVE MORE THAN 10 TABS OPENED, PLEASE CLOSE OR BOOKMARK THEM! Or it's highly likely that application will just open browser and not do anything!
Logging in with a guest profile, Web history will not be saved!
Downloading Chrome Driver... This may take some time. Undetected mode requires download every run!
Detected Chrome major version 146 for undetected-chromedriver
Failed to create Chrome Session, retrying with guest profile
Message: session not created: cannot connect to chrome at 127.0.0.1:59973
from chrome not reachable; For documentation on this error, please visit: https://www.selenium.dev/documentation/webdriver/troubleshooting/errors#sessionnotcreatedexception
Stacktrace:
	undetected_chromedriver!GetHandleVerifier [0xe7cdf3+10b03]
	undetected_chromedriver!GetHandleVerifier [0xe7cf24+10c34]
	undetected_chromedriver!(No symbol) [0xc61f5e]
	undetected_chromedriver!(No symbol) [0xc55758]
	undetected_chromedriver!(No symbol) [0xc9c472]
	undetected_chromedriver!(No symbol) [0xc92785]
	undetected_chromedriver!(No symbol) [0xc925a6]
	undetected_chromedriver!(No symbol) [0xcd9cbf]
	undetected_chromedriver!(No symbol) [0xcd94d7]
	undetected_chromedriver!(No symbol) [0xccd8a6]
	undetected_chromedriver!(No symbol) [0xca0229]
	undetected_chromedriver!(No symbol) [0xca0fe4]
	undetected_chromedriver!GetHandleVerifier [0x10e48b9+2785c9]
	undetected_chromedriver!GetHandleVerifier [0x10dfeb5+273bc5]
	undetected_chromedriver!GetHandleVerifier [0x10fe06b+291d7b]
	undetected_chromedriver!GetHandleVerifier [0xe95cc8+299d8]
	undetected_chromedriver!GetHandleVerifier [0xe9d9fd+3170d]
	undetected_chromedriver!GetHandleVerifier [0xe858c8+195d8]
	undetected_chromedriver!GetHandleVerifier [0xe85a92+197a2]
	undetected_chromedriver!GetHandleVerifier [0xe6ee9a+2baa]
	KERNEL32!BaseThreadInitThunk [0x7613fcc9+19]
	ntdll!RtlGetAppContainerNamedObjectPath [0x772782ae+11e]
	ntdll!RtlGetAppContainerNamedObjectPath [0x7727827e+ee]

2026-04-04 13:00:10.578605
IF YOU HAVE MORE THAN 10 TABS OPENED, PLEASE CLOSE OR BOOKMARK THEM! Or it's highly likely that application will just open browser and not do anything!
Will login with a guest profile, browsing history will not be saved in the browser!
Downloading Chrome Driver... This may take some time. Undetected mode requires download every run!
Detected Chrome major version 146 for undetected-chromedriver
Didn't find Sign in link, so assuming user is logged in!
Browser window closed or session became invalid. Ending bot session.
Message: no such window: target window already closed
from unknown error: web view not found
  (Session info: chrome=146.0.7680.178)
Stacktrace:
	undetected_chromedriver!GetHandleVerifier [0xefcdf3+10b03]
	undetected_chromedriver!GetHandleVerifier [0xefcf24+10c34]
	undetected_chromedriver!(No symbol) [0xce2120]
	undetected_chromedriver!(No symbol) [0xcc0c53]
	undetected_chromedriver!(No symbol) [0xd5431b]
	undetected_chromedriver!(No symbol) [0xd5c416]
	undetected_chromedriver!(No symbol) [0xd4dad3]
	undetected_chromedriver!(No symbol) [0xd20229]
	undetected_chromedriver!(No symbol) [0xd20fe4]
	undetected_chromedriver!GetHandleVerifier [0x11648b9+2785c9]
	undetected_chromedriver!GetHandleVerifier [0x115feb5+273bc5]
	undetected_chromedriver!GetHandleVerifier [0x117e06b+291d7b]
	undetected_chromedriver!GetHandleVerifier [0xf15cc8+299d8]
	undetected_chromedriver!GetHandleVerifier [0xf1d9fd+3170d]
	undetected_chromedriver!GetHandleVerifier [0xf058c8+195d8]
	undetected_chromedriver!GetHandleVerifier [0xf05a92+197a2]
	undetected_chromedriver!GetHandleVerifier [0xeeee9a+2baa]
	KERNEL32!BaseThreadInitThunk [0x7613fcc9+19]
	ntdll!RtlGetAppContainerNamedObjectPath [0x772782ae+11e]
	ntdll!RtlGetAppContainerNamedObjectPath [0x7727827e+ee]

Total runs: 1
Jobs Applied: 0
External job links collected: 0
Total processed outcomes: 0
Failed jobs: 0
Irrelevant jobs skipped: 0



Total runs:                     1
Jobs Applied:                   0
External job links collected:   0
                              ----------
Total processed outcomes:       0

Failed jobs:                    0
Irrelevant jobs skipped:        0

[PIPELINE ALERT SUPPRESSED] Session ended: Browser window closed or session became invalid.

Obstacles are those frightful things you see when you take your eyes off your goal. - Henry Ford (Not a sponsor)



You can also get your quote and name shown here, or prioritize your bug reports by supporting the project at:

https://github.com/sponsors/GodsScion


Summary:
Total runs: 1
Jobs Applied: 0
External job links collected: 0
Total processed outcomes: 0
Failed jobs: 0
Irrelevant jobs skipped: 0



Best regards,
Sai Vignesh Golla
https://www.linkedin.com/in/saivigneshgolla/

Top Sponsors:
Be the first to have your name here!
Browser window closed or session became invalid.

Obstacles are those frightful things you see when you take your eyes off your goal. - Henry Ford (Not a sponsor)



You can also get your quote and name shown here, or prioritize your bug reports by supporting the project at:

https://github.com/sponsors/GodsScion


Summary:
Total runs: 1
Jobs Applied: 0
External job links collected: 0
Total processed outcomes: 0
Failed jobs: 0
Irrelevant jobs skipped: 0



Best regards,
Sai Vignesh Golla
https://www.linkedin.com/in/saivigneshgolla/

Top Sponsors:
Be the first to have your name here!
Closing the browser...
LinkedIn stage summary: {'jobs_applied': 0, 'external_links_logged': 0, 'rows_written_to_applied_csv': 0, 'rows_missing_hr_profile': 0, 'failed_jobs': 0, 'skipped_jobs': 0, 'total_runs': 1, 'pipeline_mode': True}
{"run_id": "run-0bc766318d4c", "output_dir": "D:\\Automation- Project\\pipeline\\runs", "exit_code": 1, "session_end_reason": "Browser window closed or session became invalid.", "unexpected_failure": true, "jobs_applied": 0, "external_links_logged": 0, "rows_written_to_applied_csv": 0, "rows_missing_hr_profile": 0, "failed_jobs": 0, "skipped_jobs": 0, "total_runs": 1, "pipeline_mode": true}
